2026-03-15 11:59:41 | INFO     | main:35 - GET / → 200 (1.4ms)
2026-03-15 11:59:45 | INFO     | main:35 - GET /health → 200 (0.5ms)
2026-03-15 12:01:52 | INFO     | main:45 - GET /health → 200 (1.3ms)
2026-03-15 12:05:14 | INFO     | services.search_service:43 - Searching YouTube Music: 'bohemian rhapsody'
2026-03-15 12:05:16 | INFO     | services.search_service:72 - Search returned 20 tracks for 'bohemian rhapsody'
2026-03-15 12:05:16 | INFO     | main:46 - GET /search → 200 (1606.8ms)
2026-03-15 12:06:56 | INFO     | routers.search:44 - Cache MISS for search: 'bohemian rhapsody' — fetching from YouTube Music
2026-03-15 12:06:56 | INFO     | services.search_service:43 - Searching YouTube Music: 'bohemian rhapsody'
2026-03-15 12:06:58 | INFO     | services.search_service:72 - Search returned 20 tracks for 'bohemian rhapsody'
2026-03-15 12:06:58 | INFO     | routers.search:61 - Cached 20 results for 'bohemian rhapsody' (TTL: 30min)
2026-03-15 12:06:58 | INFO     | main:46 - GET /search → 200 (2165.5ms)
2026-03-15 12:07:23 | INFO     | routers.search:40 - Cache HIT for search: 'bohemian rhapsody'
2026-03-15 12:07:23 | INFO     | main:46 - GET /search → 200 (3.8ms)
2026-03-15 12:11:56 | INFO     | routers.stream:37 - Cache MISS for stream: bSnlKl_PoQU — calling yt-dlp
2026-03-15 12:11:56 | INFO     | services.stream_service:34 - Extracting stream URL for video_id: bSnlKl_PoQU
2026-03-15 12:11:59 | INFO     | services.stream_service:59 - Got stream URL for bSnlKl_PoQU | format: 251 - audio only (medium)
2026-03-15 12:11:59 | INFO     | routers.stream:55 - Cached stream URL for bSnlKl_PoQU (TTL: 5h)
2026-03-15 12:11:59 | INFO     | main:46 - GET /stream/bSnlKl_PoQU → 200 (3760.8ms)
2026-03-15 12:13:31 | INFO     | routers.stream:31 - Cache HIT for stream: bSnlKl_PoQU
2026-03-15 12:13:31 | INFO     | main:46 - GET /stream/bSnlKl_PoQU → 200 (16.4ms)
2026-03-15 12:13:42 | INFO     | routers.stream:31 - Cache HIT for stream: bSnlKl_PoQU
2026-03-15 12:13:42 | INFO     | main:46 - GET /stream/bSnlKl_PoQU → 200 (4.4ms)
2026-03-15 12:14:10 | INFO     | routers.stream:35 - Cache MISS for stream: INVALID_VIDEO_ID_123 — calling yt-dlp
2026-03-15 12:14:10 | INFO     | services.stream_service:34 - Extracting stream URL for video_id: INVALID_VIDEO_ID_123
2026-03-15 12:14:12 | ERROR    | services.stream_service:45 - yt-dlp failed for INVALID_VIDEO_ID_123: ERROR: [youtube] INVALID_VID: Video unavailable
2026-03-15 12:14:12 | INFO     | main:46 - GET /stream/INVALID_VIDEO_ID_123 → 422 (1391.8ms)
